0 info it worked if it ends with ok
1 verbose cli [ '/Users/watilde/.nodebrew/node/v6.5.0/bin/node',
1 verbose cli   '/Users/watilde/.nodebrew/current/bin/npm',
1 verbose cli   'run',
1 verbose cli   'build' ]
2 info using npm@3.10.9
3 info using node@v6.5.0
4 verbose run-script [ 'prebuild', 'build', 'postbuild' ]
5 info lifecycle user-api@1.0.0~prebuild: user-api@1.0.0
6 silly lifecycle user-api@1.0.0~prebuild: no script for prebuild, continuing
7 info lifecycle user-api@1.0.0~build: user-api@1.0.0
8 verbose lifecycle user-api@1.0.0~build: unsafe-perm in lifecycle true
9 verbose lifecycle user-api@1.0.0~build: PATH: /Users/watilde/Development/npm/bin/node-gyp-bin:/Users/watilde/Development/redhat/part-2/section-2/node_modules/.bin:/Users/watilde/.nodebrew/node/v6.5.0/bin:/usr/local/heroku/bin:/usr/local/opt/gettext/bin:/Users/watilde/.bash/packages/depot_tools:/Users/watilde/.pyenv/bin:/Users/watilde/.rbenv/shims:/Users/watilde/.rbenv/bin:/Users/watilde/.nodebrew/current/bin:/usr/local/bin:/usr/bin:/bin:/usr/sbin:/sbin:/opt/X11/bin:/usr/local/go/bin
10 verbose lifecycle user-api@1.0.0~build: CWD: /Users/watilde/Development/redhat/part-2/section-2
11 silly lifecycle user-api@1.0.0~build: Args: [ '-c', 'npm run build:js && npm run build:less' ]
12 silly lifecycle user-api@1.0.0~build: Returned: code: 1  signal: null
13 info lifecycle user-api@1.0.0~build: Failed to exec build script
14 verbose stack Error: user-api@1.0.0 build: `npm run build:js && npm run build:less`
14 verbose stack Exit status 1
14 verbose stack     at EventEmitter.<anonymous> (/Users/watilde/Development/npm/lib/utils/lifecycle.js:255:16)
14 verbose stack     at emitTwo (events.js:106:13)
14 verbose stack     at EventEmitter.emit (events.js:191:7)
14 verbose stack     at ChildProcess.<anonymous> (/Users/watilde/Development/npm/lib/utils/spawn.js:40:14)
14 verbose stack     at emitTwo (events.js:106:13)
14 verbose stack     at ChildProcess.emit (events.js:191:7)
14 verbose stack     at maybeClose (internal/child_process.js:877:16)
14 verbose stack     at Process.ChildProcess._handle.onexit (internal/child_process.js:226:5)
15 verbose pkgid user-api@1.0.0
16 verbose cwd /Users/watilde/Development/redhat/part-2/section-2/client
17 error Darwin 15.6.0
18 error argv "/Users/watilde/.nodebrew/node/v6.5.0/bin/node" "/Users/watilde/.nodebrew/current/bin/npm" "run" "build"
19 error node v6.5.0
20 error npm  v3.10.9
21 error code ELIFECYCLE
22 error user-api@1.0.0 build: `npm run build:js && npm run build:less`
22 error Exit status 1
23 error Failed at the user-api@1.0.0 build script 'npm run build:js && npm run build:less'.
23 error Make sure you have the latest version of node.js and npm installed.
23 error If you do, this is most likely a problem with the user-api package,
23 error not with npm itself.
23 error Tell the author that this fails on your system:
23 error     npm run build:js && npm run build:less
23 error You can get information on how to open an issue for this project with:
23 error     npm bugs user-api
23 error Or if that isn't available, you can get their info via:
23 error     npm owner ls user-api
23 error There is likely additional logging output above.
24 verbose exit [ 1, true ]
